<?xml version="1.0" encoding="UTF-8"?>
<!-- Generated by org.testng.reporters.JUnitReportReporter -->
<testsuite hostname="DESKTOP-T8K7OSR" name="com.appium.testScripts.TC002_ChromeBrowserTest" tests="1" failures="0" timestamp="14 Dec 2019 12:44:34 GMT" time="26.212" errors="0">
  <testcase name="startTest" time="26.212" classname="com.appium.testScripts.TC002_ChromeBrowserTest"/>
</testsuite> <!-- com.appium.testScripts.TC002_ChromeBrowserTest -->
