<?xml version="1.0" encoding="UTF-8"?>
<!-- Generated by org.testng.reporters.JUnitReportReporter -->
<testsuite hostname="DESKTOP-T8K7OSR" name="com.appium.testScripts.TC001_VerifyCalculatorPageTest" tests="4" failures="0" timestamp="15 Dec 2019 09:05:06 GMT" time="102.041" errors="0">
  <testcase name="verifyAdditionOperationTest" time="24.855" classname="com.appium.testScripts.TC001_VerifyCalculatorPageTest"/>
  <testcase name="verifyMultiplicationOperationTest" time="25.205" classname="com.appium.testScripts.TC001_VerifyCalculatorPageTest"/>
  <testcase name="verifySubtractOperationTest" time="26.146" classname="com.appium.testScripts.TC001_VerifyCalculatorPageTest"/>
  <testcase name="verifyDivisionOperationTest" time="25.835" classname="com.appium.testScripts.TC001_VerifyCalculatorPageTest"/>
</testsuite> <!-- com.appium.testScripts.TC001_VerifyCalculatorPageTest -->
