<?xml version="1.0" encoding="UTF-8"?>
<!-- Generated by org.testng.reporters.JUnitReportReporter -->
<testsuite hostname="DESKTOP-T8K7OSR" name="com.Appium.BaseProgram" tests="1" failures="0" timestamp="14 Dec 2019 03:01:06 GMT" time="12.531" errors="0">
  <testcase name="testSetup" time="12.531" classname="com.Appium.BaseProgram"/>
</testsuite> <!-- com.Appium.BaseProgram -->
